0 info it worked if it ends with ok
1 verbose cli [ '/home/phoenix/.nvm/versions/node/v6.2.2/bin/node',
1 verbose cli   '/home/phoenix/.nvm/versions/node/v6.2.2/bin/npm',
1 verbose cli   'run',
1 verbose cli   'build' ]
2 info using npm@3.9.5
3 info using node@v6.2.2
4 verbose run-script [ 'prebuild', 'build', 'postbuild' ]
5 info lifecycle passprotect-server@1.2.1~prebuild: passprotect-server@1.2.1
6 silly lifecycle passprotect-server@1.2.1~prebuild: no script for prebuild, continuing
7 info lifecycle passprotect-server@1.2.1~build: passprotect-server@1.2.1
8 verbose lifecycle passprotect-server@1.2.1~build: unsafe-perm in lifecycle true
9 verbose lifecycle passprotect-server@1.2.1~build: PATH: /home/phoenix/.nvm/versions/node/v6.2.2/lib/node_modules/npm/bin/node-gyp-bin:/home/phoenix/Developpement/ShadowareOrg/passprotect-server/node_modules/.bin:/home/phoenix/.nvm/versions/node/v6.2.2/bin:/home/phoenix/.nvm/versions/node/v6.2.2/bin:/usr/local/bin:/usr/bin:/bin:/usr/local/games:/usr/games:/home/phoenix/usr/bin:/home/phoenix/usr/AndroidSDK/platform-tools/
10 verbose lifecycle passprotect-server@1.2.1~build: CWD: /home/phoenix/Developpement/ShadowareOrg/passprotect-server
11 silly lifecycle passprotect-server@1.2.1~build: Args: [ '-c',
11 silly lifecycle   'webpack --progress --profile --display-error-details --display-cached' ]
12 silly lifecycle passprotect-server@1.2.1~build: Returned: code: 2  signal: null
13 info lifecycle passprotect-server@1.2.1~build: Failed to exec build script
14 verbose stack Error: passprotect-server@1.2.1 build: `webpack --progress --profile --display-error-details --display-cached`
14 verbose stack Exit status 2
14 verbose stack     at EventEmitter.<anonymous> (/home/phoenix/.nvm/versions/node/v6.2.2/lib/node_modules/npm/lib/utils/lifecycle.js:245:16)
14 verbose stack     at emitTwo (events.js:106:13)
14 verbose stack     at EventEmitter.emit (events.js:191:7)
14 verbose stack     at ChildProcess.<anonymous> (/home/phoenix/.nvm/versions/node/v6.2.2/lib/node_modules/npm/lib/utils/spawn.js:24:14)
14 verbose stack     at emitTwo (events.js:106:13)
14 verbose stack     at ChildProcess.emit (events.js:191:7)
14 verbose stack     at maybeClose (internal/child_process.js:852:16)
14 verbose stack     at Process.ChildProcess._handle.onexit (internal/child_process.js:215:5)
15 verbose pkgid passprotect-server@1.2.1
16 verbose cwd /home/phoenix/Developpement/ShadowareOrg/passprotect-server/common/templates
17 error Linux 4.9.0-2-amd64
18 error argv "/home/phoenix/.nvm/versions/node/v6.2.2/bin/node" "/home/phoenix/.nvm/versions/node/v6.2.2/bin/npm" "run" "build"
19 error node v6.2.2
20 error npm  v3.9.5
21 error code ELIFECYCLE
22 error passprotect-server@1.2.1 build: `webpack --progress --profile --display-error-details --display-cached`
22 error Exit status 2
23 error Failed at the passprotect-server@1.2.1 build script 'webpack --progress --profile --display-error-details --display-cached'.
23 error Make sure you have the latest version of node.js and npm installed.
23 error If you do, this is most likely a problem with the passprotect-server package,
23 error not with npm itself.
23 error Tell the author that this fails on your system:
23 error     webpack --progress --profile --display-error-details --display-cached
23 error You can get information on how to open an issue for this project with:
23 error     npm bugs passprotect-server
23 error Or if that isn't available, you can get their info via:
23 error     npm owner ls passprotect-server
23 error There is likely additional logging output above.
24 verbose exit [ 1, true ]
